<?xml version="1.0" encoding="UTF-8"?>
<!-- Generated by org.testng.reporters.JUnitXMLReporter -->
<testsuite hostname="Win7SP1-x64-5" name="Command line test" tests="3" failures="0" timestamp="2 Sep 2014 05:56:43 GMT" time="17.51" errors="0">
  <testcase name="verifySearch" time="5.992" classname="com.cisco.BingTest"/>
  <testcase name="verifySearch" time="5.774" classname="com.cisco.GoogleTest"/>
  <testcase name="verifySearch" time="5.728" classname="com.cisco.YahooTest"/>
</testsuite> <!-- Command line test -->
