<?xml version="1.0" encoding="UTF-8"?>
<testng-results skipped="0" failed="0" total="3" passed="3">
  <reporter-output>
  </reporter-output>
  <suite name="Paralleltestruns" duration-ms="18072" started-at="2014-09-02T05:58:06Z" finished-at="2014-09-02T05:58:24Z">
    <groups>
    </groups>
    <test name="TestMavenTestNG" duration-ms="18072" started-at="2014-09-02T05:58:06Z" finished-at="2014-09-02T05:58:24Z">
      <class name="com.cisco.GoogleTest">
        <test-method status="PASS" signature="verifySearch()[pri:0, instance:com.cisco.GoogleTest@7a5e1077]" name="verifySearch" duration-ms="5852" started-at="2014-09-01T22:58:14Z" finished-at="2014-09-01T22:58:20Z">
          <reporter-output>
          </reporter-output>
        </test-method> <!-- verifySearch -->
      </class> <!-- com.cisco.GoogleTest -->
      <class name="com.cisco.BingTest">
        <test-method status="PASS" signature="verifySearch()[pri:0, instance:com.cisco.BingTest@6e811c88]" name="verifySearch" duration-ms="4589" started-at="2014-09-01T22:58:20Z" finished-at="2014-09-01T22:58:24Z">
          <reporter-output>
          </reporter-output>
        </test-method> <!-- verifySearch -->
      </class> <!-- com.cisco.BingTest -->
      <class name="com.cisco.YahooTest">
        <test-method status="PASS" signature="verifySearch()[pri:0, instance:com.cisco.YahooTest@4e76fba0]" name="verifySearch" duration-ms="7615" started-at="2014-09-01T22:58:06Z" finished-at="2014-09-01T22:58:14Z">
          <reporter-output>
          </reporter-output>
        </test-method> <!-- verifySearch -->
      </class> <!-- com.cisco.YahooTest -->
    </test> <!-- TestMavenTestNG -->
  </suite> <!-- Paralleltestruns -->
</testng-results>
