<?xml version="1.0" encoding="UTF-8"?>
<!-- Generated by org.testng.reporters.JUnitXMLReporter -->
<testsuite hostname="Win7SP1-x64-5" name="TestMavenTestNG" tests="3" failures="0" timestamp="2 Sep 2014 05:58:24 GMT" time="18.072" errors="0">
  <testcase name="verifySearch" time="7.615" classname="com.cisco.YahooTest"/>
  <testcase name="verifySearch" time="5.852" classname="com.cisco.GoogleTest"/>
  <testcase name="verifySearch" time="4.589" classname="com.cisco.BingTest"/>
</testsuite> <!-- TestMavenTestNG -->
